06/19/2026 10:23:43 PM: INFO : TEST LOG MESSAGE
06/19/2026 10:23:44 PM: INFO : *****************Test_001_login*********** 
06/19/2026 10:23:44 PM: INFO : *****************home page title Test_start*********** 
06/19/2026 10:23:46 PM: INFO : *****************home page title is passed *********** 
06/19/2026 10:23:46 PM: INFO : *****************home page login test start *********** 
06/19/2026 10:23:50 PM: ERROR : *****************home page login is failed *********** 
06/20/2026 02:41:07 PM: INFO : TEST LOG MESSAGE
06/20/2026 02:41:15 PM: INFO : *****************Test_001_login*********** 
06/20/2026 02:41:15 PM: INFO : *****************home page login test start *********** 
06/20/2026 02:41:15 PM: INFO : *****************home page title Test_start*********** 
06/20/2026 02:41:17 PM: INFO : *****************home page title is passed *********** 
06/20/2026 02:41:21 PM: ERROR : *****************home page login is failed *********** 
06/29/2026 01:42:12 PM: INFO : TEST LOG MESSAGE
06/29/2026 01:42:21 PM: INFO : *****************Test_001_login*********** 
06/29/2026 01:42:21 PM: INFO : *****************home page title Test_start*********** 
06/29/2026 01:42:24 PM: ERROR : *****************home page title is failed *********** 
06/29/2026 01:42:28 PM: INFO : *****************home page login test start *********** 
06/29/2026 01:44:37 PM: INFO : TEST LOG MESSAGE
06/29/2026 01:44:38 PM: INFO : *****************Test_001_login*********** 
06/29/2026 01:44:38 PM: INFO : *****************home page title Test_start*********** 
06/29/2026 01:44:40 PM: ERROR : *****************home page title is failed *********** 
06/29/2026 01:44:41 PM: INFO : *****************home page login test start *********** 
06/29/2026 01:45:45 PM: INFO : TEST LOG MESSAGE
06/29/2026 01:45:47 PM: INFO : *****************Test_001_login*********** 
06/29/2026 01:45:47 PM: INFO : *****************home page title Test_start*********** 
06/29/2026 01:45:48 PM: ERROR : *****************home page title is failed *********** 
06/29/2026 01:45:49 PM: INFO : *****************home page login test start *********** 
06/29/2026 01:48:13 PM: INFO : TEST LOG MESSAGE
06/29/2026 01:48:15 PM: INFO : *****************Test_001_login*********** 
06/29/2026 01:48:15 PM: INFO : *****************home page title Test_start*********** 
06/29/2026 01:48:16 PM: ERROR : *****************home page title is failed *********** 
06/29/2026 01:48:18 PM: INFO : *****************home page login test start *********** 
06/29/2026 01:54:57 PM: INFO : TEST LOG MESSAGE
06/29/2026 01:55:02 PM: INFO : *****************Test_001_login*********** 
06/29/2026 01:55:02 PM: INFO : *****************home page title Test_start*********** 
06/29/2026 01:55:04 PM: ERROR : *****************home page title is failed *********** 
06/29/2026 01:55:08 PM: INFO : *****************home page login test start *********** 
06/29/2026 01:57:03 PM: INFO : TEST LOG MESSAGE
06/29/2026 01:57:05 PM: INFO : *****************Test_001_login*********** 
06/29/2026 01:57:05 PM: INFO : *****************home page title Test_start*********** 
06/29/2026 01:57:07 PM: ERROR : *****************home page title is failed *********** 
06/29/2026 01:57:10 PM: INFO : *****************home page login test start *********** 
06/29/2026 01:57:33 PM: INFO : TEST LOG MESSAGE
06/29/2026 01:57:35 PM: INFO : *****************Test_001_login*********** 
06/29/2026 01:57:35 PM: INFO : *****************home page title Test_start*********** 
06/29/2026 01:57:37 PM: ERROR : *****************home page title is failed *********** 
06/29/2026 01:57:40 PM: INFO : *****************home page login test start *********** 
06/29/2026 01:59:14 PM: INFO : TEST LOG MESSAGE
06/29/2026 01:59:16 PM: INFO : *****************Test_001_login*********** 
06/29/2026 01:59:16 PM: INFO : *****************home page title Test_start*********** 
06/29/2026 01:59:18 PM: ERROR : *****************home page title is failed *********** 
06/29/2026 01:59:20 PM: INFO : *****************home page login test start *********** 
07/05/2026 02:00:38 PM: INFO : ******* Starting Test_002_DDT_Login Test **********
07/05/2026 02:00:38 PM: INFO : ******* Starting Login DDT Test **********
07/05/2026 02:02:56 PM: INFO : ******* Starting Test_002_DDT_Login Test **********
07/05/2026 02:02:56 PM: INFO : ******* Starting Login DDT Test **********
07/05/2026 02:03:03 PM: INFO : **** failed ****
